<?xml version="1.0" encoding="UTF-8"?>
<testng-results total="1" passed="1" failed="0" skipped="0">
  <reporter-output>
  </reporter-output>
  <suite started-at="2019-12-08T13:31:03Z" name="Component Tests" finished-at="2019-12-08T13:31:16Z" duration-ms="13102">
    <groups>
    </groups>
    <test started-at="2019-12-08T13:31:03Z" name="api-test" finished-at="2019-12-08T13:31:16Z" duration-ms="13102">
      <class name="karros_test.api_test.APITest">
        <test-method signature="getAPI()[pri:0, instance:karros_test.api_test.APITest@5c072e3f]" started-at="2019-12-08T20:31:03Z" name="getAPI" finished-at="2019-12-08T20:31:16Z" duration-ms="13056" status="PASS">
          <reporter-output>
          </reporter-output>
        </test-method> <!-- getAPI -->
      </class> <!-- karros_test.api_test.APITest -->
    </test> <!-- api-test -->
  </suite> <!-- Component Tests -->
</testng-results>
